【FROM 'helper_get_item.php' log】: select * from s_helper where h_id=:hid order by h_sort asc, h_id asc
【FROM 'helper_get_item.php' log】: 
【FROM 'helper_get_item.php' log】: select * from s_helper where h_id=:hid order by h_sort asc, h_id asc
【FROM 'helper_get_item.php' log】: 
【FROM 'helper_get_item.php' log】: select * from s_helper where h_id=:hid order by h_sort asc, h_id asc
【FROM 'helper_get_item.php' log】: 
【FROM 'helper_get_item.php' log】: select * from s_helper where h_id=:hid order by h_sort asc, h_id asc
【FROM 'helper_get_item.php' log】: 
【FROM 'helper_get_item.php' log】: select * from s_helper where h_id=:hid order by h_sort asc, h_id asc
【FROM 'helper_get_item.php' log】: 
【FROM 'helper_get_item.php' log】: select * from s_helper  order by h_sort asc, h_id asc
【FROM 'helper_get_item.php' log】: select * from s_helper  order by h_sort asc, h_id asc
【FROM 'helper_get_item.php' log】: select * from s_helper  order by h_sort asc, h_id asc
【FROM 'helper_get_item.php' log】: select * from s_helper  order by h_sort asc, h_id asc
【FROM 'helper_get_item.php' log】: select * from s_helper  order by h_sort asc, h_id asc
【FROM 'helper_get_item.php' log】: select * from s_helper  order by h_sort asc, h_id asc
【FROM 'helper_get_item.php' log】: select * from s_helper  order by h_sort asc, h_id asc
【FROM 'helper_get_item.php' log】: select * from s_helper where h_code=:hcode order by h_sort asc, h_id asc
【FROM 'helper_get_item.php' log】: select * from s_helper where h_code=:hcode order by h_sort asc, h_id asc
【FROM 'helper_get_item.php' log】: select * from s_helper where h_id=:hid order by h_sort asc, h_id asc
【FROM 'helper_get_item.php' log】: select * from s_helper where h_id=:hid order by h_sort asc, h_id asc
【FROM 'helper_get_item.php' log】: select * from s_helper where h_id=:hid order by h_sort asc, h_id asc
【FROM 'helper_get_item.php' log】: select * from s_helper where h_id=:hid order by h_sort asc, h_id asc
【FROM 'helper_delete_list.php' log】: 
【FROM 'helper_delete_list.php' log】: 2
【FROM 'helper_get_item.php' log】: select * from s_helper where h_id=:hid order by h_sort asc, h_id asc
【FROM 'helper_get_item.php' log】: select * from s_helper where h_id=:hid order by h_sort asc, h_id asc
【FROM 'helper_get_item.php' log】: select * from s_helper where h_code=:hcode order by h_sort asc, h_id asc
【FROM 'helper_get_item.php' log】: select * from s_helper where h_id=:hid order by h_sort asc, h_id asc
【FROM 'helper_get_item.php' log】: select * from s_helper where h_id=:hid order by h_sort asc, h_id asc
【FROM 'helper_get_item.php' log】: select * from s_helper where h_code=:hcode order by h_sort asc, h_id asc
【FROM 'helper_get_item.php' log】: select * from s_helper where h_code=:hcode order by h_sort asc, h_id asc
【FROM 'helper_get_item.php' log】: select * from s_helper where h_code=:hcode order by h_sort asc, h_id asc
【FROM 'helper_get_item.php' log】: select * from s_helper where h_code=:hcode order by h_sort asc, h_id asc
【FROM 'helper_get_item.php' log】: select * from s_helper where h_code=:hcode order by h_sort asc, h_id asc
【FROM 'helper_get_item.php' log】: select * from s_helper where h_code=:hcode order by h_sort asc, h_id asc
