【FROM 'note_add_item.php' log】: 33
【FROM 'note_add_item.php' log】: 徐飞12321321321
【FROM 'note_add_item.php' log】: 
【FROM 'note_add_item.php' log】: 
【FROM 'note_add_item.php' log】: 1
【FROM 'note_add_item.php' log】: 2013-04-13 02:33:24
【FROM 'note_add_item.php' log】: insert into comm_note(n_ntid, n_title, n_abstract, n_content, n_puid, n_date) 
	values(:n_ntid, :n_title, :n_abstract, :n_content, :puid, :n_date)
【FROM 'note_add_item.php' log】: 
【FROM 'note_add_item.php' log】: 33
【FROM 'note_add_item.php' log】: 2222222
【FROM 'note_add_item.php' log】: 
【FROM 'note_add_item.php' log】: 
【FROM 'note_add_item.php' log】: 1
【FROM 'note_add_item.php' log】: 2013-04-13 02:33:30
【FROM 'note_add_item.php' log】: insert into comm_note(n_ntid, n_title, n_abstract, n_content, n_puid, n_date) 
	values(:n_ntid, :n_title, :n_abstract, :n_content, :puid, :n_date)
【FROM 'note_add_item.php' log】: 
【FROM 'note_add_item.php' log】: 34
【FROM 'note_add_item.php' log】: dddddd
【FROM 'note_add_item.php' log】: 
【FROM 'note_add_item.php' log】: 
【FROM 'note_add_item.php' log】: 1
【FROM 'note_add_item.php' log】: 2013-04-13 02:33:46
【FROM 'note_add_item.php' log】: insert into comm_note(n_ntid, n_title, n_abstract, n_content, n_puid, n_date) 
	values(:n_ntid, :n_title, :n_abstract, :n_content, :puid, :n_date)
【FROM 'note_add_item.php' log】: 
【FROM 'note_add_item.php' log】: 35
【FROM 'note_add_item.php' log】: fffffffdsfdsfsdadsf 
【FROM 'note_add_item.php' log】: 
【FROM 'note_add_item.php' log】: 
【FROM 'note_add_item.php' log】: 3
【FROM 'note_add_item.php' log】: 2013-04-13 02:35:09
【FROM 'note_add_item.php' log】: insert into comm_note(n_ntid, n_title, n_abstract, n_content, n_puid, n_date) 
	values(:n_ntid, :n_title, :n_abstract, :n_content, :puid, :n_date)
【FROM 'note_add_item.php' log】: 
【FROM 'note_add_item.php' log】: 33
【FROM 'note_add_item.php' log】: 明天研究下一商派
【FROM 'note_add_item.php' log】: 明天研究下一商派明天研究下一商派明天研究下一商派明天研究下一商派

明天研究下一商派明天研究下一商派明天研究下一商派
【FROM 'note_add_item.php' log】: 
【FROM 'note_add_item.php' log】: 1
【FROM 'note_add_item.php' log】: 2013-04-13 02:51:27
【FROM 'note_add_item.php' log】: insert into comm_note(n_ntid, n_title, n_abstract, n_content, n_puid, n_date) 
	values(:n_ntid, :n_title, :n_abstract, :n_content, :puid, :n_date)
【FROM 'note_add_item.php' log】: 
【FROM 'note_add_item.php' log】: 36
【FROM 'note_add_item.php' log】: 33333333333333
【FROM 'note_add_item.php' log】: 
【FROM 'note_add_item.php' log】: 
【FROM 'note_add_item.php' log】: 1
【FROM 'note_add_item.php' log】: 2013-04-13 02:55:19
【FROM 'note_add_item.php' log】: insert into comm_note(n_ntid, n_title, n_abstract, n_content, n_puid, n_date) 
	values(:n_ntid, :n_title, :n_abstract, :n_content, :puid, :n_date)
【FROM 'note_add_item.php' log】: 
【FROM 'note_add_item.php' log】: 36
【FROM 'note_add_item.php' log】: 33333333333333
【FROM 'note_add_item.php' log】: 
【FROM 'note_add_item.php' log】: 
【FROM 'note_add_item.php' log】: 1
【FROM 'note_add_item.php' log】: 2013-04-13 02:55:22
【FROM 'note_add_item.php' log】: insert into comm_note(n_ntid, n_title, n_abstract, n_content, n_puid, n_date) 
	values(:n_ntid, :n_title, :n_abstract, :n_content, :puid, :n_date)
【FROM 'note_add_item.php' log】: 
【FROM 'note_add_item.php' log】: 36
【FROM 'note_add_item.php' log】: 3333333333333
【FROM 'note_add_item.php' log】: 
【FROM 'note_add_item.php' log】: 
【FROM 'note_add_item.php' log】: 1
【FROM 'note_add_item.php' log】: 2013-04-13 02:55:31
【FROM 'note_add_item.php' log】: insert into comm_note(n_ntid, n_title, n_abstract, n_content, n_puid, n_date) 
	values(:n_ntid, :n_title, :n_abstract, :n_content, :puid, :n_date)
【FROM 'note_add_item.php' log】: 
